#
# A fatal error has been detected by the Java Runtime Environment:
#
#  SIGSEGV (0xb) at pc=0x00007fff94ac2ec1, pid=2403, tid=41279
#
# JRE version: Java(TM) SE Runtime Environment (7.0_55-b13) (build 1.7.0_55-b13)
# Java VM: Java HotSpot(TM) 64-Bit Server VM (24.55-b03 mixed mode bsd-amd64 compressed oops)
# Problematic frame:
# C  [libobjc.A.dylib+0x7ec1]  objc_retain+0x21
#
# Failed to write core dump. Core dumps have been disabled. To enable core dumping, try "ulimit -c unlimited" before starting Java again
#
# If you would like to submit a bug report, please visit:
#   http://bugreport.sun.com/bugreport/crash.jsp
# The crash happened outside the Java Virtual Machine in native code.
# See problematic frame for where to report the bug.
#

---------------  T H R E A D  ---------------

Current thread (0x00007f9c2d16e800):  JavaThread "Java2D Queue Flusher" daemon [_thread_in_native, id=41279, stack(0x00007000011d3000,0x00007000012d3000)]

siginfo:si_signo=SIGSEGV: si_errno=0, si_code=1 (SEGV_MAPERR), si_addr=0x000007f9c2e47d60

Registers:
RAX=0xd00007f9c2e47d47, RBX=0x0000000000000003, RCX=0x000007f9c2e47d40, RDX=0x0000000000000003
RSP=0x00007000012d2770, RBP=0x00007000012d2770, RSI=0x00007f9c2bf65f40, RDI=0x00007f9c2bf65f40
R8 =0x0000000000000002, R9 =0x00000000fffe0000, R10=0x00007f9c2bf49510, R11=0x00000f9c2a943cc8
R12=0x0000000000000000, R13=0x000000077b31f6f8, R14=0x00007f9c2bc16500, R15=0x00007f9c2bf65f40
RIP=0x00007fff94ac2ec1, EFLAGS=0x0000000000010202, ERR=0x0000000000000004
  TRAPNO=0x000000000000000e

Top of Stack: (sp=0x00007000012d2770)
0x00007000012d2770:   00007000012d27a0 00007fff964cd986
0x00007000012d2780:   0000000110e83670 00007000012d2818
0x00007000012d2790:   00007f9c2bc164e0 0000000110e83670
0x00007000012d27a0:   00007000012d27e0 00007fff964cd59d
0x00007000012d27b0:   00007f9c2bf65f40 000000010f304bf8
0x00007000012d27c0:   0000000000000000 000000077b31f6f8
0x00007000012d27d0:   00007000012d28f0 00007f9c2d16e800
0x00007000012d27e0:   00007000012d2800 000000010f2fe643
0x00007000012d27f0:   00007f9c00000001 000000077b31f6f8
0x00007000012d2800:   00007000012d2840 0000000110e18f00
0x00007000012d2810:   00007000002d2838 00007fff7af970a0
0x00007000012d2820:   0000000042000000 0000000110e18f06
0x00007000012d2830:   0000000110e83670 00007f9c2bf65f40
0x00007000012d2840:   00007000012d28b8 0000000106212698
0x00007000012d2850:   00007000012d2870 0000000000000064
0x00007000012d2860:   00007f9c2d92de08 000000077ae02750
0x00007000012d2870:   00007f9c2d16e800 00007000012d2878
0x00007000012d2880:   0000000000000000 00007000012d28f0
0x00007000012d2890:   000000077b320ed0 0000000000000000
0x00007000012d28a0:   000000077b31f6f8 0000000000000000
0x00007000012d28b0:   00007000012d28d8 00007000012d2938
0x00007000012d28c0:   0000000106206058 0000000000000000
0x00007000012d28d0:   000000010620ecd8 0000000000000058
0x00007000012d28e0:   00007f9c2d166a00 00000007800b4d50
0x00007000012d28f0:   00000007800b4d38 00007000012d28f8
0x00007000012d2900:   000000077b31f7dd 00007000012d2950
0x00007000012d2910:   000000077b320ed0 0000000000000000
0x00007000012d2920:   000000077b31f800 00007000012d28d8
0x00007000012d2930:   00007000012d2950 00007000012d2998
0x00007000012d2940:   0000000106206058 0000000000000058
0x00007000012d2950:   00000007800b4d38 00007000012d2958
0x00007000012d2960:   000000077b31f991 00007000012d29a8 

Instructions: (pc=0x00007fff94ac2ec1)
0x00007fff94ac2ea1:   48 89 e5 31 c0 48 85 ff 74 59 40 f6 c7 01 75 50
0x00007fff94ac2eb1:   48 8b 07 48 b9 f8 ff ff ff ff 7f 00 00 48 21 c1
0x00007fff94ac2ec1:   f6 41 20 02 75 10 48 8d 05 ba ae 1e e6 48 8b 30
0x00007fff94ac2ed1:   5d e9 e9 95 ff ff a8 01 74 20 48 b9 00 00 00 00 

Register to memory mapping:

RAX=0xd00007f9c2e47d47 is an unknown value
RBX=0x0000000000000003 is an unknown value
RCX=0x000007f9c2e47d40 is an unknown value
RDX=0x0000000000000003 is an unknown value
RSP=0x00007000012d2770 is pointing into the stack for thread: 0x00007f9c2d16e800
RBP=0x00007000012d2770 is pointing into the stack for thread: 0x00007f9c2d16e800
RSI=0x00007f9c2bf65f40 is an unknown value
RDI=0x00007f9c2bf65f40 is an unknown value
R8 =0x0000000000000002 is an unknown value
R9 =0x00000000fffe0000 is an unknown value
R10=0x00007f9c2bf49510 is an unknown value
R11=0x00000f9c2a943cc8 is an unknown value
R12=0x0000000000000000 is an unknown value
R13=0x000000077b31f6f8 is an oop
{method} 
 - klass: {other class}
R14=0x00007f9c2bc16500 is an unknown value
R15=0x00007f9c2bf65f40 is an unknown value


Stack: [0x00007000011d3000,0x00007000012d3000],  sp=0x00007000012d2770,  free space=1021k
Native frames: (J=compiled Java code, j=interpreted, Vv=VM code, C=native code)
C  [libobjc.A.dylib+0x7ec1]  objc_retain+0x21
C  [libsystem_blocks.dylib+0x1986]  _Block_object_assign+0x16c
C  [libsystem_blocks.dylib+0x159d]  _Block_copy_internal+0x145
C  [JavaNativeFoundation+0x6643]  +[JNFRunLoop performOnMainThreadWaiting:withBlock:]+0x40
C  [liblwawt.dylib+0x11f00]  OGLSD_Flush+0x6d
j  sun.java2d.opengl.OGLRenderQueue.flushBuffer(JI)V+0
j  sun.java2d.opengl.OGLRenderQueue.flushBuffer()V+21
j  sun.java2d.opengl.OGLRenderQueue.access$100(Lsun/java2d/opengl/OGLRenderQueue;)V+1
j  sun.java2d.opengl.OGLRenderQueue$QueueFlusher.run()V+81
v  ~StubRoutines::call_stub
V  [libjvm.dylib+0x2d6a90]  JavaCalls::call_helper(JavaValue*, methodHandle*, JavaCallArguments*, Thread*)+0x22a
V  [libjvm.dylib+0x2d6fa7]  JavaCalls::call_virtual(JavaValue*, KlassHandle, Symbol*, Symbol*, JavaCallArguments*, Thread*)+0x11b
V  [libjvm.dylib+0x2d70e4]  JavaCalls::call_virtual(JavaValue*, Handle, KlassHandle, Symbol*, Symbol*, Thread*)+0x4a
V  [libjvm.dylib+0x3260ca]  thread_entry(JavaThread*, Thread*)+0xad
V  [libjvm.dylib+0x4efb17]  JavaThread::thread_main_inner()+0x9b
V  [libjvm.dylib+0x4f121f]  JavaThread::run()+0x1a3
V  [libjvm.dylib+0x41b14e]  java_start(Thread*)+0x126
C  [libsystem_pthread.dylib+0x399d]  _pthread_body+0x83
C  [libsystem_pthread.dylib+0x391a]  _pthread_body+0x0
C  [libsystem_pthread.dylib+0x1351]  thread_start+0xd

Java frames: (J=compiled Java code, j=interpreted, Vv=VM code)
j  sun.java2d.opengl.OGLRenderQueue.flushBuffer(JI)V+0
j  sun.java2d.opengl.OGLRenderQueue.flushBuffer()V+21
j  sun.java2d.opengl.OGLRenderQueue.access$100(Lsun/java2d/opengl/OGLRenderQueue;)V+1
j  sun.java2d.opengl.OGLRenderQueue$QueueFlusher.run()V+81
v  ~StubRoutines::call_stub

---------------  P R O C E S S  ---------------

Java Threads: ( => current thread )
  0x00007f9c2c1ed000 JavaThread "pool-2-thread-1" [_thread_blocked, id=65291, stack(0x0000700001b71000,0x0000700001c71000)]
  0x00007f9c2da61000 JavaThread "SwingWorker-pool-1-thread-2" daemon [_thread_blocked, id=63747, stack(0x0000700001a6e000,0x0000700001b6e000)]
  0x00007f9c2c97f000 JavaThread "GC Daemon" daemon [_thread_blocked, id=63235, stack(0x000070000196b000,0x0000700001a6b000)]
  0x00007f9c2c092000 JavaThread "RMI RenewClean-[10.91.65.182:50461]" daemon [_thread_blocked, id=63031, stack(0x0000700001868000,0x0000700001968000)]
  0x00007f9c2c94f800 JavaThread "RMI Scheduler(0)" daemon [_thread_blocked, id=32787, stack(0x0000700001765000,0x0000700001865000)]
  0x00007f9c2d957000 JavaThread "SwingWorker-pool-1-thread-1" daemon [_thread_blocked, id=5367, stack(0x0000700001662000,0x0000700001762000)]
  0x00007f9c2c077800 JavaThread "TimerQueue" daemon [_thread_blocked, id=58143, stack(0x00007000014dc000,0x00007000015dc000)]
  0x00007f9c2d94c000 JavaThread "DestroyJavaVM" [_thread_blocked, id=5891, stack(0x000070000011a000,0x000070000021a000)]
  0x00007f9c2c886800 JavaThread "AWT-EventQueue-0" [_thread_in_native, id=57607, stack(0x00007000013d9000,0x00007000014d9000)]
  0x00007f9c2c073000 JavaThread "Java2D Disposer" daemon [_thread_blocked, id=54019, stack(0x00007000012d6000,0x00007000013d6000)]
=>0x00007f9c2d16e800 JavaThread "Java2D Queue Flusher" daemon [_thread_in_native, id=41279, stack(0x00007000011d3000,0x00007000012d3000)]
  0x00007f9c2d8bd000 JavaThread "AWT-Shutdown" [_thread_blocked, id=28691, stack(0x000070000104d000,0x000070000114d000)]
  0x00007f9c2d8b9000 JavaThread "AppKit Thread" daemon [_thread_in_native, id=2571, stack(0x00007fff5a7a9000,0x00007fff5afa9000)]
  0x00007f9c2d84c000 JavaThread "Service Thread" daemon [_thread_blocked, id=18179, stack(0x0000700000d41000,0x0000700000e41000)]
  0x00007f9c2c81f000 JavaThread "C2 CompilerThread1" daemon [_thread_blocked, id=17667, stack(0x0000700000c3e000,0x0000700000d3e000)]
  0x00007f9c2d83a000 JavaThread "C2 CompilerThread0" daemon [_thread_blocked, id=17155, stack(0x0000700000b3b000,0x0000700000c3b000)]
  0x00007f9c2d840000 JavaThread "Signal Dispatcher" daemon [_thread_blocked, id=12815, stack(0x0000700000a38000,0x0000700000b38000)]
  0x00007f9c2d017000 JavaThread "Finalizer" daemon [_thread_blocked, id=12291, stack(0x000070000082f000,0x000070000092f000)]
  0x00007f9c2d832800 JavaThread "Reference Handler" daemon [_thread_blocked, id=11779, stack(0x000070000072c000,0x000070000082c000)]

Other Threads:
  0x00007f9c2c807000 VMThread [stack: 0x0000700000629000,0x0000700000729000] [id=11267]
  0x00007f9c2d841800 WatcherThread [stack: 0x0000700000e44000,0x0000700000f44000] [id=18691]

VM state:not at safepoint (normal execution)

VM Mutex/Monitor currently owned by a thread: None

Heap
 PSYoungGen      total 38912K, used 5580K [0x00000007d5500000, 0x00000007d8000000, 0x0000000800000000)
  eden space 33792K, 16% used [0x00000007d5500000,0x00000007d5a73308,0x00000007d7600000)
  from space 5120K, 0% used [0x00000007d7600000,0x00000007d7600000,0x00000007d7b00000)
  to   space 5120K, 0% used [0x00000007d7b00000,0x00000007d7b00000,0x00000007d8000000)
 ParOldGen       total 87040K, used 3265K [0x0000000780000000, 0x0000000785500000, 0x00000007d5500000)
  object space 87040K, 3% used [0x0000000780000000,0x0000000780330518,0x0000000785500000)
 PSPermGen       total 26624K, used 13918K [0x000000077ae00000, 0x000000077c800000, 0x0000000780000000)
  object space 26624K, 52% used [0x000000077ae00000,0x000000077bb97ba0,0x000000077c800000)

Card table byte_map: [0x00000001092c0000,0x00000001096ea000] byte_map_base: 0x00000001056e9000

Polling page: 0x0000000105966000

Code Cache  [0x0000000106200000, 0x0000000106470000, 0x0000000109200000)
 total_blobs=522 nmethods=52 adapters=424 free_code_cache=48541Kb largest_free_block=49683904

Compilation events (10 events):
Event: 7.902 Thread 0x00007f9c2c81f000   47             sun.reflect.ClassFileAssembler::emitConstantPoolUTF8 (50 bytes)
Event: 7.902 Thread 0x00007f9c2d83a000   48   !         sun.reflect.UTF8::encode (189 bytes)
Event: 7.936 Thread 0x00007f9c2d83a000 nmethod 48 0x00000001062955d0 code [0x0000000106295740, 0x0000000106295f78]
Event: 7.936 Thread 0x00007f9c2d83a000   49             sun.reflect.UTF8::utf8Length (81 bytes)
Event: 7.941 Thread 0x00007f9c2d83a000 nmethod 49 0x0000000106299990 code [0x0000000106299ae0, 0x0000000106299d38]
Event: 7.944 Thread 0x00007f9c2c81f000 nmethod 47 0x000000010629cc90 code [0x000000010629ce60, 0x000000010629da50]
Event: 8.134 Thread 0x00007f9c2d83a000   51             java.util.ArrayList::size (5 bytes)
Event: 8.135 Thread 0x00007f9c2d83a000 nmethod 51 0x0000000106297b10 code [0x0000000106297c40, 0x0000000106297c98]
Event: 8.724 Thread 0x00007f9c2c81f000   52             java.util.concurrent.locks.AbstractOwnableSynchronizer::setExclusiveOwnerThread (6 bytes)
Event: 8.725 Thread 0x00007f9c2c81f000 nmethod 52 0x0000000106297910 code [0x0000000106297a40, 0x0000000106297ab8]

GC Heap History (4 events):
Event: 7.577 GC heap before
{Heap before GC invocations=1 (full 0):
 PSYoungGen      total 38912K, used 10139K [0x00000007d5500000, 0x00000007d8000000, 0x0000000800000000)
  eden space 33792K, 30% used [0x00000007d5500000,0x00000007d5ee6e00,0x00000007d7600000)
  from space 5120K, 0% used [0x00000007d7b00000,0x00000007d7b00000,0x00000007d8000000)
  to   space 5120K, 0% used [0x00000007d7600000,0x00000007d7600000,0x00000007d7b00000)
 ParOldGen       total 87040K, used 0K [0x0000000780000000, 0x0000000785500000, 0x00000007d5500000)
  object space 87040K, 0% used [0x0000000780000000,0x0000000780000000,0x0000000785500000)
 PSPermGen       total 21504K, used 13176K [0x000000077ae00000, 0x000000077c300000, 0x0000000780000000)
  object space 21504K, 61% used [0x000000077ae00000,0x000000077bade138,0x000000077c300000)
Event: 7.589 GC heap after
Heap after GC invocations=1 (full 0):
 PSYoungGen      total 38912K, used 3369K [0x00000007d5500000, 0x00000007d8000000, 0x0000000800000000)
  eden space 33792K, 0% used [0x00000007d5500000,0x00000007d5500000,0x00000007d7600000)
  from space 5120K, 65% used [0x00000007d7600000,0x00000007d794a620,0x00000007d7b00000)
  to   space 5120K, 0% used [0x00000007d7b00000,0x00000007d7b00000,0x00000007d8000000)
 ParOldGen       total 87040K, used 8K [0x0000000780000000, 0x0000000785500000, 0x00000007d5500000)
  object space 87040K, 0% used [0x0000000780000000,0x0000000780002000,0x0000000785500000)
 PSPermGen       total 21504K, used 13176K [0x000000077ae00000, 0x000000077c300000, 0x0000000780000000)
  object space 21504K, 61% used [0x000000077ae00000,0x000000077bade138,0x000000077c300000)
}
Event: 7.589 GC heap before
{Heap before GC invocations=2 (full 1):
 PSYoungGen      total 38912K, used 3369K [0x00000007d5500000, 0x00000007d8000000, 0x0000000800000000)
  eden space 33792K, 0% used [0x00000007d5500000,0x00000007d5500000,0x00000007d7600000)
  from space 5120K, 65% used [0x00000007d7600000,0x00000007d794a620,0x00000007d7b00000)
  to   space 5120K, 0% used [0x00000007d7b00000,0x00000007d7b00000,0x00000007d8000000)
 ParOldGen       total 87040K, used 8K [0x0000000780000000, 0x0000000785500000, 0x00000007d5500000)
  object space 87040K, 0% used [0x0000000780000000,0x0000000780002000,0x0000000785500000)
 PSPermGen       total 21504K, used 13176K [0x000000077ae00000, 0x000000077c300000, 0x0000000780000000)
  object space 21504K, 61% used [0x000000077ae00000,0x000000077bade138,0x000000077c300000)
Event: 7.648 GC heap after
Heap after GC invocations=2 (full 1):
 PSYoungGen      total 38912K, used 0K [0x00000007d5500000, 0x00000007d8000000, 0x0000000800000000)
  eden space 33792K, 0% used [0x00000007d5500000,0x00000007d5500000,0x00000007d7600000)
  from space 5120K, 0% used [0x00000007d7600000,0x00000007d7600000,0x00000007d7b00000)
  to   space 5120K, 0% used [0x00000007d7b00000,0x00000007d7b00000,0x00000007d8000000)
 ParOldGen       total 87040K, used 3265K [0x0000000780000000, 0x0000000785500000, 0x00000007d5500000)
  object space 87040K, 3% used [0x0000000780000000,0x0000000780330518,0x0000000785500000)
 PSPermGen       total 26624K, used 13171K [0x000000077ae00000, 0x000000077c800000, 0x0000000780000000)
  object space 26624K, 49% used [0x000000077ae00000,0x000000077badcff0,0x000000077c800000)
}

Deoptimization events (5 events):
Event: 7.923 Thread 0x00007f9c2da61000 Uncommon trap: reason=unreached action=reinterpret pc=0x0000000106292a9c method=java.lang.AbstractStringBuilder.append(Ljava/lang/String;)Ljava/lang/AbstractStringBuilder; @ 1
Event: 7.923 Thread 0x00007f9c2da61000 Uncommon trap: reason=unreached action=reinterpret pc=0x0000000106293398 method=java.lang.AbstractStringBuilder.append(Ljava/lang/String;)Ljava/lang/AbstractStringBuilder; @ 1
Event: 8.726 Thread 0x00007f9c2c886800 Uncommon trap: reason=class_check action=maybe_recompile pc=0x0000000106277c10 method=java.lang.String.equals(Ljava/lang/Object;)Z @ 8
Event: 8.726 Thread 0x00007f9c2c886800 Uncommon trap: reason=class_check action=maybe_recompile pc=0x0000000106277c10 method=java.lang.String.equals(Ljava/lang/Object;)Z @ 8
Event: 8.726 Thread 0x00007f9c2c886800 Uncommon trap: reason=class_check action=maybe_recompile pc=0x0000000106277c10 method=java.lang.String.equals(Ljava/lang/Object;)Z @ 8

Internal exceptions (10 events):
Event: 7.536 Thread 0x00007f9c2d957000 Threw 0x00000007d5dfd468 at /HUDSON/workspace/7u-2-build-macosx-x86_64/jdk7u55/869/hotspot/src/share/vm/prims/jvm.cpp:1244
Event: 7.649 Thread 0x00007f9c2d957000 Threw 0x00000007d5500c68 at /HUDSON/workspace/7u-2-build-macosx-x86_64/jdk7u55/869/hotspot/src/share/vm/prims/jni.cpp:743
Event: 7.651 Thread 0x00007f9c2d957000 Threw 0x00000007d55013d0 at /HUDSON/workspace/7u-2-build-macosx-x86_64/jdk7u55/869/hotspot/src/share/vm/prims/jni.cpp:743
Event: 7.654 Thread 0x00007f9c2d957000 Threw 0x00000007d55071f8 at /HUDSON/workspace/7u-2-build-macosx-x86_64/jdk7u55/869/hotspot/src/share/vm/prims/jni.cpp:1632
Event: 7.659 Thread 0x00007f9c2d957000 Threw 0x00000007d551d8e0 at /HUDSON/workspace/7u-2-build-macosx-x86_64/jdk7u55/869/hotspot/src/share/vm/prims/jni.cpp:1632
Event: 7.661 Thread 0x00007f9c2c092000 Threw 0x00000007d56faf00 at /HUDSON/workspace/7u-2-build-macosx-x86_64/jdk7u55/869/hotspot/src/share/vm/runtime/objectMonitor.cpp:1652
Event: 7.667 Thread 0x00007f9c2da61000 Threw 0x00000007d5850bf0 at /HUDSON/workspace/7u-2-build-macosx-x86_64/jdk7u55/869/hotspot/src/share/vm/prims/jni.cpp:743
Event: 7.892 Thread 0x00007f9c2da61000 Threw 0x00000007d58588c8 at /HUDSON/workspace/7u-2-build-macosx-x86_64/jdk7u55/869/hotspot/src/share/vm/prims/jvm.cpp:1244
Event: 7.923 Thread 0x00007f9c2da61000 Implicit null exception at 0x0000000106292735 to 0x0000000106292a81
Event: 7.923 Thread 0x00007f9c2da61000 Implicit null exception at 0x0000000106293035 to 0x0000000106293381

Events (10 events):
Event: 9.076 loading class 0x00007f9c2d0a1790
Event: 9.078 loading class 0x00007f9c2d0a1790 done
Event: 9.078 loading class 0x00007f9c2d877e50 done
Event: 9.078 loading class 0x00007f9c2d87d970 done
Event: 9.078 loading class 0x00007f9c2d0a6130 done
Event: 9.078 loading class 0x00007f9c2d0a3c20 done
Event: 9.121 loading class 0x00007f9c2d3159b0
Event: 9.122 loading class 0x00007f9c2d3159b0 done
Event: 9.123 loading class 0x00007f9c2d315dd0
Event: 9.123 loading class 0x00007f9c2d315dd0 done


Dynamic libraries:
0x0000000007de6000 	/System/Library/Frameworks/Cocoa.framework/Versions/A/Cocoa
0x0000000007de6000 	/System/Library/Frameworks/Security.framework/Versions/A/Security
0x0000000007de6000 	/System/Library/Frameworks/ApplicationServices.framework/Versions/A/ApplicationServices
0x0000000007de6000 	/usr/lib/libz.1.dylib
0x0000000007de6000 	/usr/lib/libSystem.B.dylib
0x0000000007de6000 	/usr/lib/libobjc.A.dylib
0x0000000007de6000 	/System/Library/Frameworks/CoreFoundation.framework/Versions/A/CoreFoundation
0x0000000007de6000 	/System/Library/Frameworks/Foundation.framework/Versions/C/Foundation
0x0000000007de6000 	/System/Library/Frameworks/AppKit.framework/Versions/C/AppKit
0x0000000007de6000 	/System/Library/Frameworks/CoreData.framework/Versions/A/CoreData
0x0000000007de6000 	/System/Library/PrivateFrameworks/RemoteViewServices.framework/Versions/A/RemoteViewServices
0x0000000007de6000 	/System/Library/PrivateFrameworks/UIFoundation.framework/Versions/A/UIFoundation
0x0000000007de6000 	/usr/lib/libScreenReader.dylib
0x0000000007de6000 	/System/Library/Frameworks/Accelerate.framework/Versions/A/Accelerate
0x0000000007de6000 	/System/Library/Frameworks/IOSurface.framework/Versions/A/IOSurface
0x0000000007de6000 	/System/Library/Frameworks/AudioToolbox.framework/Versions/A/AudioToolbox
0x0000000007de6000 	/System/Library/Frameworks/AudioUnit.framework/Versions/A/AudioUnit
0x0000000007de6000 	/System/Library/PrivateFrameworks/DataDetectorsCore.framework/Versions/A/DataDetectorsCore
0x0000000007de6000 	/System/Library/PrivateFrameworks/DesktopServicesPriv.framework/Versions/A/DesktopServicesPriv
0x0000000007de6000 	/System/Library/Frameworks/Carbon.framework/Versions/A/Frameworks/HIToolbox.framework/Versions/A/HIToolbox
0x0000000007de6000 	/System/Library/Frameworks/QuartzCore.framework/Versions/A/QuartzCore
0x0000000007de6000 	/System/Library/Frameworks/Carbon.framework/Versions/A/Frameworks/SpeechRecognition.framework/Versions/A/SpeechRecognition
0x0000000007de6000 	/usr/lib/libauto.dylib
0x0000000007de6000 	/usr/lib/libicucore.A.dylib
0x0000000007de6000 	/usr/lib/libxml2.2.dylib
0x0000000007de6000 	/System/Library/PrivateFrameworks/CoreUI.framework/Versions/A/CoreUI
0x0000000007de6000 	/System/Library/Frameworks/CoreAudio.framework/Versions/A/CoreAudio
0x0000000007de6000 	/System/Library/Frameworks/DiskArbitration.framework/Versions/A/DiskArbitration
0x0000000007de6000 	/usr/lib/liblangid.dylib
0x0000000007de6000 	/System/Library/PrivateFrameworks/MultitouchSupport.framework/Versions/A/MultitouchSupport
0x0000000007de6000 	/System/Library/Frameworks/IOKit.framework/Versions/A/IOKit
0x0000000007de6000 	/usr/lib/libDiagnosticMessagesClient.dylib
0x0000000007de6000 	/System/Library/Frameworks/CoreServices.framework/Versions/A/CoreServices
0x0000000007de6000 	/System/Library/PrivateFrameworks/PerformanceAnalysis.framework/Versions/A/PerformanceAnalysis
0x0000000007de6000 	/System/Library/PrivateFrameworks/GenerationalStorage.framework/Versions/A/GenerationalStorage
0x0000000007de6000 	/System/Library/Frameworks/OpenGL.framework/Versions/A/OpenGL
0x0000000007de6000 	/System/Library/PrivateFrameworks/Sharing.framework/Versions/A/Sharing
0x0000000007de6000 	/System/Library/Frameworks/CoreGraphics.framework/Versions/A/CoreGraphics
0x0000000007de6000 	/System/Library/Frameworks/CoreImage.framework/Versions/A/CoreImage
0x0000000007de6000 	/System/Library/Frameworks/CoreText.framework/Versions/A/CoreText
0x0000000007de6000 	/System/Library/Frameworks/ImageIO.framework/Versions/A/ImageIO
0x0000000007de6000 	/System/Library/PrivateFrameworks/Backup.framework/Versions/A/Backup
0x0000000007de6000 	/usr/lib/libextension.dylib
0x0000000007de6000 	/usr/lib/libarchive.2.dylib
0x0000000007de6000 	/System/Library/Frameworks/CFNetwork.framework/Versions/A/CFNetwork
0x0000000007de6000 	/System/Library/Frameworks/SystemConfiguration.framework/Versions/A/SystemConfiguration
0x0000000007de6000 	/usr/lib/libCRFSuite.dylib
0x0000000007de6000 	/usr/lib/libc++.1.dylib
0x0000000007de6000 	/usr/lib/libc++abi.dylib
0x0000000007de6000 	/usr/lib/system/libcache.dylib
0x0000000007de6000 	/usr/lib/system/libcommonCrypto.dylib
0x0000000007de6000 	/usr/lib/system/libcompiler_rt.dylib
0x0000000007de6000 	/usr/lib/system/libcopyfile.dylib
0x0000000007de6000 	/usr/lib/system/libcorecrypto.dylib
0x0000000007de6000 	/usr/lib/system/libdispatch.dylib
0x0000000007de6000 	/usr/lib/system/libdyld.dylib
0x0000000007de6000 	/usr/lib/system/libkeymgr.dylib
0x0000000007de6000 	/usr/lib/system/liblaunch.dylib
0x0000000007de6000 	/usr/lib/system/libmacho.dylib
0x0000000007de6000 	/usr/lib/system/libquarantine.dylib
0x0000000007de6000 	/usr/lib/system/libremovefile.dylib
0x0000000007de6000 	/usr/lib/system/libsystem_asl.dylib
0x0000000007de6000 	/usr/lib/system/libsystem_blocks.dylib
0x0000000007de6000 	/usr/lib/system/libsystem_c.dylib
0x0000000007de6000 	/usr/lib/system/libsystem_configuration.dylib
0x0000000007de6000 	/usr/lib/system/libsystem_coreservices.dylib
0x0000000007de6000 	/usr/lib/system/libsystem_coretls.dylib
0x0000000007de6000 	/usr/lib/system/libsystem_dnssd.dylib
0x0000000007de6000 	/usr/lib/system/libsystem_info.dylib
0x0000000007de6000 	/usr/lib/system/libsystem_kernel.dylib
0x0000000007de6000 	/usr/lib/system/libsystem_m.dylib
0x0000000007de6000 	/usr/lib/system/libsystem_malloc.dylib
0x0000000007de6000 	/usr/lib/system/libsystem_network.dylib
0x0000000007de6000 	/usr/lib/system/libsystem_networkextension.dylib
0x0000000007de6000 	/usr/lib/system/libsystem_notify.dylib
0x0000000007de6000 	/usr/lib/system/libsystem_platform.dylib
0x0000000007de6000 	/usr/lib/system/libsystem_pthread.dylib
0x0000000007de6000 	/usr/lib/system/libsystem_sandbox.dylib
0x0000000007de6000 	/usr/lib/system/libsystem_secinit.dylib
0x0000000007de6000 	/usr/lib/system/libsystem_trace.dylib
0x0000000007de6000 	/usr/lib/system/libunc.dylib
0x0000000007de6000 	/usr/lib/system/libunwind.dylib
0x0000000007de6000 	/usr/lib/system/libxpc.dylib
0x0000000007de6000 	/usr/lib/libenergytrace.dylib
0x0000000007de6000 	/usr/lib/libbsm.0.dylib
0x0000000007de6000 	/usr/lib/system/libkxld.dylib
0x0000000007de6000 	/usr/lib/libxar.1.dylib
0x0000000007de6000 	/usr/lib/libsqlite3.dylib
0x0000000007de6000 	/usr/lib/libpam.2.dylib
0x0000000007de6000 	/usr/lib/libOpenScriptingUtil.dylib
0x0000000007de6000 	/usr/lib/libbz2.1.0.dylib
0x0000000007de6000 	/usr/lib/liblzma.5.dylib
0x0000000007de6000 	/System/Library/Frameworks/CoreServices.framework/Versions/A/Frameworks/FSEvents.framework/Versions/A/FSEvents
0x0000000007de6000 	/System/Library/Frameworks/CoreServices.framework/Versions/A/Frameworks/CarbonCore.framework/Versions/A/CarbonCore
0x0000000007de6000 	/System/Library/Frameworks/CoreServices.framework/Versions/A/Frameworks/Metadata.framework/Versions/A/Metadata
0x0000000007de6000 	/System/Library/Frameworks/CoreServices.framework/Versions/A/Frameworks/OSServices.framework/Versions/A/OSServices
0x0000000007de6000 	/System/Library/Frameworks/CoreServices.framework/Versions/A/Frameworks/SearchKit.framework/Versions/A/SearchKit
0x0000000007de6000 	/System/Library/Frameworks/CoreServices.framework/Versions/A/Frameworks/AE.framework/Versions/A/AE
0x0000000007de6000 	/System/Library/Frameworks/CoreServices.framework/Versions/A/Frameworks/LaunchServices.framework/Versions/A/LaunchServices
0x0000000007de6000 	/System/Library/Frameworks/CoreServices.framework/Versions/A/Frameworks/DictionaryServices.framework/Versions/A/DictionaryServices
0x0000000007de6000 	/System/Library/Frameworks/CoreServices.framework/Versions/A/Frameworks/SharedFileList.framework/Versions/A/SharedFileList
0x0000000007de6000 	/System/Library/Frameworks/NetFS.framework/Versions/A/NetFS
0x0000000007de6000 	/System/Library/PrivateFrameworks/NetAuth.framework/Versions/A/NetAuth
0x0000000007de6000 	/System/Library/PrivateFrameworks/login.framework/Versions/A/Frameworks/loginsupport.framework/Versions/A/loginsupport
0x0000000007de6000 	/System/Library/PrivateFrameworks/TCC.framework/Versions/A/TCC
0x0000000007de6000 	/usr/lib/libmecabra.dylib
0x0000000007de6000 	/System/Library/Frameworks/ApplicationServices.framework/Versions/A/Frameworks/ATS.framework/Versions/A/ATS
0x0000000007de6000 	/System/Library/Frameworks/ApplicationServices.framework/Versions/A/Frameworks/ColorSync.framework/Versions/A/ColorSync
0x0000000007de6000 	/System/Library/Frameworks/ApplicationServices.framework/Versions/A/Frameworks/HIServices.framework/Versions/A/HIServices
0x0000000007de6000 	/System/Library/Frameworks/ApplicationServices.framework/Versions/A/Frameworks/LangAnalysis.framework/Versions/A/LangAnalysis
0x0000000007de6000 	/System/Library/Frameworks/ApplicationServices.framework/Versions/A/Frameworks/PrintCore.framework/Versions/A/PrintCore
0x0000000007de6000 	/System/Library/Frameworks/ApplicationServices.framework/Versions/A/Frameworks/QD.framework/Versions/A/QD
0x0000000007de6000 	/System/Library/Frameworks/ApplicationServices.framework/Versions/A/Frameworks/SpeechSynthesis.framework/Versions/A/SpeechSynthesis
0x0000000007de6000 	/System/Library/Frameworks/Metal.framework/Versions/A/Metal
0x0000000007de6000 	/System/Library/Frameworks/Accelerate.framework/Versions/A/Frameworks/vImage.framework/Versions/A/vImage
0x0000000007de6000 	/System/Library/Frameworks/Accelerate.framework/Versions/A/Frameworks/vecLib.framework/Versions/A/vecLib
0x0000000007de6000 	/System/Library/Frameworks/Accelerate.framework/Versions/A/Frameworks/vecLib.framework/Versions/A/libvDSP.dylib
0x0000000007de6000 	/System/Library/Frameworks/Accelerate.framework/Versions/A/Frameworks/vecLib.framework/Versions/A/libvMisc.dylib
0x0000000007de6000 	/System/Library/Frameworks/Accelerate.framework/Versions/A/Frameworks/vecLib.framework/Versions/A/libLAPACK.dylib
0x0000000007de6000 	/System/Library/Frameworks/Accelerate.framework/Versions/A/Frameworks/vecLib.framework/Versions/A/libBLAS.dylib
0x0000000007de6000 	/System/Library/Frameworks/Accelerate.framework/Versions/A/Frameworks/vecLib.framework/Versions/A/libLinearAlgebra.dylib
0x0000000007de6000 	/System/Library/Frameworks/Accelerate.framework/Versions/A/Frameworks/vecLib.framework/Versions/A/libSparseBLAS.dylib
0x0000000007de6000 	/System/Library/PrivateFrameworks/GPUCompiler.framework/libmetal_timestamp.dylib
0x0000000007de6000 	/System/Library/Frameworks/OpenGL.framework/Versions/A/Libraries/libCoreFSCache.dylib
0x0000000007de6000 	/System/Library/PrivateFrameworks/IOAccelerator.framework/Versions/A/IOAccelerator
0x0000000007de6000 	/System/Library/Frameworks/ApplicationServices.framework/Versions/A/Frameworks/ATS.framework/Versions/A/Resources/libFontParser.dylib
0x0000000007de6000 	/System/Library/Frameworks/ApplicationServices.framework/Versions/A/Frameworks/ATS.framework/Versions/A/Resources/libFontRegistry.dylib
0x0000000007de6000 	/System/Library/PrivateFrameworks/AppleVPA.framework/Versions/A/AppleVPA
0x0000000007de6000 	/System/Library/PrivateFrameworks/AppleJPEG.framework/Versions/A/AppleJPEG
0x0000000007de6000 	/System/Library/Frameworks/ImageIO.framework/Versions/A/Resources/libJPEG.dylib
0x0000000007de6000 	/System/Library/Frameworks/ImageIO.framework/Versions/A/Resources/libTIFF.dylib
0x0000000007de6000 	/System/Library/Frameworks/ImageIO.framework/Versions/A/Resources/libPng.dylib
0x0000000007de6000 	/System/Library/Frameworks/ImageIO.framework/Versions/A/Resources/libGIF.dylib
0x0000000007de6000 	/System/Library/Frameworks/ImageIO.framework/Versions/A/Resources/libJP2.dylib
0x0000000007de6000 	/System/Library/Frameworks/ImageIO.framework/Versions/A/Resources/libRadiance.dylib
0x0000000007de6000 	/System/Library/Frameworks/CoreVideo.framework/Versions/A/CoreVideo
0x0000000007de6000 	/System/Library/Frameworks/OpenGL.framework/Versions/A/Libraries/libGLU.dylib
0x0000000007de6000 	/System/Library/Frameworks/OpenGL.framework/Versions/A/Libraries/libGFXShared.dylib
0x0000000007de6000 	/System/Library/Frameworks/OpenGL.framework/Versions/A/Libraries/libGL.dylib
0x0000000007de6000 	/System/Library/Frameworks/OpenGL.framework/Versions/A/Libraries/libGLImage.dylib
0x0000000007de6000 	/System/Library/Frameworks/OpenGL.framework/Versions/A/Libraries/libCVMSPluginSupport.dylib
0x0000000007de6000 	/System/Library/Frameworks/OpenGL.framework/Versions/A/Libraries/libCoreVMClient.dylib
0x0000000007de6000 	/usr/lib/libcups.2.dylib
0x0000000007de6000 	/System/Library/Frameworks/Kerberos.framework/Versions/A/Kerberos
0x0000000007de6000 	/System/Library/Frameworks/GSS.framework/Versions/A/GSS
0x0000000007de6000 	/usr/lib/libresolv.9.dylib
0x0000000007de6000 	/usr/lib/libiconv.2.dylib
0x0000000007de6000 	/System/Library/PrivateFrameworks/Heimdal.framework/Versions/A/Heimdal
0x0000000007de6000 	/usr/lib/libheimdal-asn1.dylib
0x0000000007de6000 	/System/Library/Frameworks/OpenDirectory.framework/Versions/A/OpenDirectory
0x0000000007de6000 	/System/Library/PrivateFrameworks/CommonAuth.framework/Versions/A/CommonAuth
0x0000000007de6000 	/System/Library/Frameworks/OpenDirectory.framework/Versions/A/Frameworks/CFOpenDirectory.framework/Versions/A/CFOpenDirectory
0x0000000007de6000 	/System/Library/Frameworks/SecurityFoundation.framework/Versions/A/SecurityFoundation
0x0000000007de6000 	/System/Library/PrivateFrameworks/LanguageModeling.framework/Versions/A/LanguageModeling
0x0000000007de6000 	/usr/lib/libmarisa.dylib
0x0000000007de6000 	/usr/lib/libChineseTokenizer.dylib
0x0000000007de6000 	/usr/lib/libcmph.dylib
0x0000000007de6000 	/usr/lib/libcompression.dylib
0x0000000007de6000 	/System/Library/Frameworks/ServiceManagement.framework/Versions/A/ServiceManagement
0x0000000007de6000 	/usr/lib/libxslt.1.dylib
0x0000000007de6000 	/System/Library/Frameworks/Carbon.framework/Versions/A/Frameworks/Ink.framework/Versions/A/Ink
0x0000000007de6000 	/usr/lib/libFosl_dynamic.dylib
0x0000000007de6000 	/System/Library/PrivateFrameworks/FaceCore.framework/Versions/A/FaceCore
0x0000000007de6000 	/System/Library/Frameworks/OpenCL.framework/Versions/A/OpenCL
0x0000000007de6000 	/System/Library/PrivateFrameworks/CrashReporterSupport.framework/Versions/A/CrashReporterSupport
0x0000000007de6000 	/System/Library/PrivateFrameworks/IconServices.framework/Versions/A/IconServices
0x0000000007de6000 	/System/Library/PrivateFrameworks/Apple80211.framework/Versions/A/Apple80211
0x0000000007de6000 	/System/Library/Frameworks/CoreWLAN.framework/Versions/A/CoreWLAN
0x0000000007de6000 	/System/Library/Frameworks/IOBluetooth.framework/Versions/A/IOBluetooth
0x0000000007de6000 	/System/Library/PrivateFrameworks/CoreWiFi.framework/Versions/A/CoreWiFi
0x0000000007de6000 	/System/Library/Frameworks/CoreBluetooth.framework/Versions/A/CoreBluetooth
0x0000000007de6000 	/System/Library/PrivateFrameworks/ChunkingLibrary.framework/Versions/A/ChunkingLibrary
0x0000000007de6000 	/System/Library/PrivateFrameworks/DebugSymbols.framework/Versions/A/DebugSymbols
0x0000000007de6000 	/System/Library/PrivateFrameworks/CoreSymbolication.framework/Versions/A/CoreSymbolication
0x0000000007de6000 	/System/Library/PrivateFrameworks/Symbolication.framework/Versions/A/Symbolication
0x0000000007de6000 	/System/Library/PrivateFrameworks/SpeechRecognitionCore.framework/Versions/A/SpeechRecognitionCore
0x0000000104ed2000 	/Library/Java/JavaVirtualMachines/jdk1.7.0_55.jdk/Contents/Home/jre/lib/server/libjvm.dylib
0x0000000007de6000 	/usr/lib/libstdc++.6.dylib
0x0000000105929000 	/Library/Java/JavaVirtualMachines/jdk1.7.0_55.jdk/Contents/Home/jre/lib/libverify.dylib
0x0000000105936000 	/Library/Java/JavaVirtualMachines/jdk1.7.0_55.jdk/Contents/Home/jre/lib/libjava.dylib
0x0000000105970000 	/Library/Java/JavaVirtualMachines/jdk1.7.0_55.jdk/Contents/Home/jre/lib/libzip.dylib
0x000000010f2dd000 	/System/Library/Frameworks/JavaVM.framework/Frameworks/JavaRuntimeSupport.framework/JavaRuntimeSupport
0x000000010f2f8000 	/System/Library/Frameworks/JavaVM.framework/Versions/A/Frameworks/JavaNativeFoundation.framework/Versions/A/JavaNativeFoundation
0x000000010f30d000 	/System/Library/Frameworks/JavaVM.framework/Versions/A/JavaVM
0x0000000007de6000 	/System/Library/Frameworks/Carbon.framework/Versions/A/Carbon
0x000000010f31a000 	/System/Library/PrivateFrameworks/JavaLaunching.framework/Versions/A/JavaLaunching
0x0000000007de6000 	/System/Library/Frameworks/Carbon.framework/Versions/A/Frameworks/CommonPanels.framework/Versions/A/CommonPanels
0x0000000007de6000 	/System/Library/Frameworks/Carbon.framework/Versions/A/Frameworks/Help.framework/Versions/A/Help
0x0000000007de6000 	/System/Library/Frameworks/Carbon.framework/Versions/A/Frameworks/ImageCapture.framework/Versions/A/ImageCapture
0x0000000007de6000 	/System/Library/Frameworks/Carbon.framework/Versions/A/Frameworks/OpenScripting.framework/Versions/A/OpenScripting
0x0000000007de6000 	/System/Library/Frameworks/Carbon.framework/Versions/A/Frameworks/Print.framework/Versions/A/Print
0x0000000007de6000 	/System/Library/Frameworks/Carbon.framework/Versions/A/Frameworks/SecurityHI.framework/Versions/A/SecurityHI
0x0000000110c8c000 	/Library/Java/JavaVirtualMachines/jdk1.7.0_55.jdk/Contents/Home/jre/lib/libawt.dylib
0x0000000110d3b000 	/Library/Java/JavaVirtualMachines/jdk1.7.0_55.jdk/Contents/Home/jre/lib/./libmlib_image.dylib
0x0000000110e07000 	/Library/Java/JavaVirtualMachines/jdk1.7.0_55.jdk/Contents/Home/jre/lib/lwawt/liblwawt.dylib
0x0000000110ebb000 	/Library/Java/JavaVirtualMachines/jdk1.7.0_55.jdk/Contents/Home/jre/lib/libosxapp.dylib
0x0000000007de6000 	/System/Library/Frameworks/ExceptionHandling.framework/Versions/A/ExceptionHandling
0x0000000007de6000 	/System/Library/PrivateFrameworks/CoreServicesInternal.framework/Versions/A/CoreServicesInternal
0x0000000007de6000 	/System/Library/Frameworks/CoreGraphics.framework/Versions/A/Resources/libRIP.A.dylib
0x0000000007de6000 	/System/Library/Frameworks/Accelerate.framework/Versions/A/Frameworks/vImage.framework/Versions/A/Libraries/libCGInterfaces.dylib
0x0000000007de6000 	/System/Library/Frameworks/CoreGraphics.framework/Versions/A/Resources/libCGXType.A.dylib
0x0000000007de6000 	/System/Library/Frameworks/OpenCL.framework/Versions/A/Libraries/libcldcpuengine.dylib
0x0000000007de6000 	/System/Library/PrivateFrameworks/DiskImages.framework/Versions/A/DiskImages
0x0000000007de6000 	/System/Library/Frameworks/DiscRecording.framework/Versions/A/DiscRecording
0x0000000007de6000 	/usr/lib/libcsfde.dylib
0x0000000007de6000 	/usr/lib/libcurl.4.dylib
0x0000000007de6000 	/System/Library/PrivateFrameworks/MediaKit.framework/Versions/A/MediaKit
0x0000000007de6000 	/System/Library/PrivateFrameworks/ProtectedCloudStorage.framework/Versions/A/ProtectedCloudStorage
0x0000000007de6000 	/usr/lib/libCoreStorage.dylib
0x0000000007de6000 	/System/Library/PrivateFrameworks/EFILogin.framework/Versions/A/EFILogin
0x0000000007de6000 	/usr/lib/libutil.dylib
0x0000000007de6000 	/System/Library/PrivateFrameworks/FindMyDevice.framework/Versions/A/FindMyDevice
0x0000000007de6000 	/System/Library/Frameworks/LDAP.framework/Versions/A/LDAP
0x0000000007de6000 	/usr/lib/libsasl2.2.dylib
0x0000000007de6000 	/System/Library/PrivateFrameworks/CoreDaemon.framework/Versions/B/CoreDaemon
0x0000000007de6000 	/usr/lib/libcrypto.0.9.8.dylib
0x0000000007de6000 	/System/Library/PrivateFrameworks/AppleSRP.framework/Versions/A/AppleSRP
0x0000000007de6000 	/System/Library/PrivateFrameworks/TrustEvaluationAgent.framework/Versions/A/TrustEvaluationAgent
0x0000000112c6c000 	cl_kernels
0x0000000007de6000 	/System/Library/Frameworks/OpenCL.framework/Versions/A/Libraries/ImageFormats/unorm8_bgra.dylib
0x0000000007de6000 	/System/Library/Frameworks/OpenCL.framework/Versions/A/Libraries/ImageFormats/unorm8_rgba.dylib
0x0000000007de6000 	/System/Library/PrivateFrameworks/FamilyControls.framework/Versions/A/FamilyControls
0x0000000007de6000 	/System/Library/PrivateFrameworks/CommerceKit.framework/Versions/A/Frameworks/CommerceCore.framework/Versions/A/CommerceCore
0x0000000007de6000 	/System/Library/PrivateFrameworks/SystemAdministration.framework/Versions/A/SystemAdministration
0x0000000007de6000 	/System/Library/PrivateFrameworks/AppContainer.framework/Versions/A/AppContainer
0x0000000007de6000 	/System/Library/PrivateFrameworks/SecCodeWrapper.framework/Versions/A/SecCodeWrapper
0x0000000007de6000 	/System/Library/Frameworks/DirectoryService.framework/Versions/A/DirectoryService
0x0000000007de6000 	/System/Library/PrivateFrameworks/LoginUIKit.framework/Versions/A/Frameworks/LoginUICore.framework/Versions/A/LoginUICore
0x0000000007de6000 	/usr/lib/libodfde.dylib
0x0000000113d82000 	/Library/Java/JavaVirtualMachines/jdk1.7.0_55.jdk/Contents/Home/jre/lib/libfontmanager.dylib
0x0000000112072000 	/Library/Java/JavaVirtualMachines/jdk1.7.0_55.jdk/Contents/Home/jre/lib/libosxui.dylib
0x0000000007de6000 	/System/Library/Frameworks/OpenGL.framework/Versions/A/Resources/GLEngine.bundle/GLEngine
0x0000000007de6000 	/System/Library/Frameworks/OpenGL.framework/Versions/A/Libraries/libGLProgrammability.dylib
0x0000000114827000 	/System/Library/Extensions/AppleIntelHD5000GraphicsGLDriver.bundle/Contents/MacOS/AppleIntelHD5000GraphicsGLDriver
0x0000000007de6000 	/System/Library/PrivateFrameworks/GPUSupport.framework/Versions/A/Libraries/libGPUSupportMercury.dylib
0x0000000007de6000 	/System/Library/Frameworks/OpenGL.framework/Versions/A/Resources/GLRendererFloat.bundle/GLRendererFloat
0x0000000115900000 	/Library/Java/JavaVirtualMachines/jdk1.7.0_55.jdk/Contents/Home/jre/lib/libnet.dylib
0x0000000115915000 	/Library/Java/JavaVirtualMachines/jdk1.7.0_55.jdk/Contents/Home/jre/lib/libnio.dylib
0x0000000119964000 	/System/Library/Extensions/AppleIntelHD5000GraphicsMTLDriver.bundle/Contents/MacOS/AppleIntelHD5000GraphicsMTLDriver
0x0000000119e8e000 	/Library/Java/JavaVirtualMachines/jdk1.7.0_55.jdk/Contents/Home/jre/lib/libdcpr.dylib

VM Arguments:
jvm_args: -Dfile.encoding=UTF-8 
java_command: unobest.rmistuff.clientside.ClientLogin
Launcher Type: SUN_STANDARD

Environment Variables:
PATH=/usr/bin:/bin:/usr/sbin:/sbin
LD_LIBRARY_PATH=/Library/Java/JavaVirtualMachines/jdk1.7.0_55.jdk/Contents/Home/jre/lib/amd64:/Library/Java/JavaVirtualMachines/jdk1.7.0_55.jdk/Contents/Home/jre/lib/i386:
SHELL=/bin/bash
DISPLAY=/private/tmp/com.apple.launchd.WNIeezdOz5/org.macosforge.xquartz:0

Signal Handlers:
SIGSEGV: [libjvm.dylib+0x5253e5], sa_mask[0]=0xfffefeff, sa_flags=0x00000043
SIGBUS: [libjvm.dylib+0x5253e5], sa_mask[0]=0xfffefeff, sa_flags=0x00000042
SIGFPE: [libjvm.dylib+0x4188a2], sa_mask[0]=0xfffefeff, sa_flags=0x00000042
SIGPIPE: [libjvm.dylib+0x4188a2], sa_mask[0]=0xfffefeff, sa_flags=0x00000042
SIGXFSZ: [libjvm.dylib+0x4188a2], sa_mask[0]=0xfffefeff, sa_flags=0x00000042
SIGILL: [libjvm.dylib+0x4188a2], sa_mask[0]=0xfffefeff, sa_flags=0x00000042
SIGUSR1: SIG_DFL, sa_mask[0]=0x00000000, sa_flags=0x00000000
SIGUSR2: [libjvm.dylib+0x418394], sa_mask[0]=0x00000004, sa_flags=0x00000042
SIGHUP: [libjvm.dylib+0x416623], sa_mask[0]=0xfffefeff, sa_flags=0x00000042
SIGINT: SIG_IGN, sa_mask[0]=0x00000000, sa_flags=0x00000000
SIGTERM: [libjvm.dylib+0x416623], sa_mask[0]=0xfffefeff, sa_flags=0x00000042
SIGQUIT: [libjvm.dylib+0x416623], sa_mask[0]=0xfffefeff, sa_flags=0x00000042


---------------  S Y S T E M  ---------------

OS:Bsduname:Darwin 15.4.0 Darwin Kernel Version 15.4.0: Fri Feb 26 22:08:05 PST 2016; root:xnu-3248.40.184~3/RELEASE_X86_64 x86_64
rlimit: STACK 8192k, CORE 0k, NPROC 709, NOFILE 10240, AS infinity
load average:6.20 3.70 3.52

CPU:total 4 (2 cores per cpu, 2 threads per core) family 6 model 69 stepping 1, cmov, cx8, fxsr, mmx, sse, sse2, sse3, ssse3, sse4.1, sse4.2, popcnt, avx, avx2, aes, erms, ht, tsc, tscinvbit

Memory: 4k page, physical 8388608k(2097152k free)

/proc/meminfo:


vm_info: Java HotSpot(TM) 64-Bit Server VM (24.55-b03) for bsd-amd64 JRE (1.7.0_55-b13), built on Mar 17 2014 19:40:08 by "java_re" with gcc 4.2.1 (Based on Apple Inc. build 5658) (LLVM build 2336.11.00)

time: Fri Apr 15 08:54:43 2016
elapsed time: 9 seconds

